1572443553.467360 client started (12644): version 2.8, socket /tmp/tmux-1000/default, protocol 8
1572443553.467436 on Linux 4.19.37-parrot1-amd64 #1 SMP Parrot 4.19.37-5parrot1 (2019-06-22); libevent 2.1.8-stable (poll)
1572443553.467501 socket is /tmp/tmux-1000/default
1572443553.467531 trying connect
1572443553.467741 add peer 0x55b79909fca0: 6 ((nil))
1572443553.467975 sending message 100 to peer 0x55b79909fca0 (4 bytes)
1572443553.468007 sending message 101 to peer 0x55b79909fca0 (7 bytes)
1572443553.468023 sending message 102 to peer 0x55b79909fca0 (11 bytes)
1572443553.468038 sending message 108 to peer 0x55b79909fca0 (29 bytes)
1572443553.468054 sending message 104 to peer 0x55b79909fca0 (0 bytes)
1572443553.468091 sending message 107 to peer 0x55b79909fca0 (4 bytes)
1572443553.468120 sending message 105 to peer 0x55b79909fca0 (16 bytes)
1572443553.468135 sending message 105 to peer 0x55b79909fca0 (82 bytes)
1572443553.468149 sending message 105 to peer 0x55b79909fca0 (18 bytes)
1572443553.468162 sending message 105 to peer 0x55b79909fca0 (19 bytes)
1572443553.468175 sending message 105 to peer 0x55b79909fca0 (20 bytes)
1572443553.468188 sending message 105 to peer 0x55b79909fca0 (58 bytes)
1572443553.468201 sending message 105 to peer 0x55b79909fca0 (45 bytes)
1572443553.468215 sending message 105 to peer 0x55b79909fca0 (7 bytes)
1572443553.468228 sending message 105 to peer 0x55b79909fca0 (36 bytes)
1572443553.468241 sending message 105 to peer 0x55b79909fca0 (18 bytes)
1572443553.468254 sending message 105 to peer 0x55b79909fca0 (41 bytes)
1572443553.468267 sending message 105 to peer 0x55b79909fca0 (33 bytes)
1572443553.468280 sending message 105 to peer 0x55b79909fca0 (19 bytes)
1572443553.468293 sending message 105 to peer 0x55b79909fca0 (28 bytes)
1572443553.468306 sending message 105 to peer 0x55b79909fca0 (15 bytes)
1572443553.468319 sending message 105 to peer 0x55b79909fca0 (43 bytes)
1572443553.468332 sending message 105 to peer 0x55b79909fca0 (33 bytes)
1572443553.468345 sending message 105 to peer 0x55b79909fca0 (37 bytes)
1572443553.468358 sending message 105 to peer 0x55b79909fca0 (16 bytes)
1572443553.468371 sending message 105 to peer 0x55b79909fca0 (21 bytes)
1572443553.468384 sending message 105 to peer 0x55b79909fca0 (52 bytes)
1572443553.468397 sending message 105 to peer 0x55b79909fca0 (37 bytes)
1572443553.468410 sending message 105 to peer 0x55b79909fca0 (51 bytes)
1572443553.468423 sending message 105 to peer 0x55b79909fca0 (20 bytes)
1572443553.468436 sending message 105 to peer 0x55b79909fca0 (19 bytes)
1572443553.468449 sending message 105 to peer 0x55b79909fca0 (11 bytes)
1572443553.468463 sending message 105 to peer 0x55b79909fca0 (1506 bytes)
1572443553.468500 sending message 105 to peer 0x55b79909fca0 (25 bytes)
1572443553.468515 sending message 105 to peer 0x55b79909fca0 (17 bytes)
1572443553.468529 sending message 105 to peer 0x55b79909fca0 (52 bytes)
1572443553.468543 sending message 105 to peer 0x55b79909fca0 (23 bytes)
1572443553.468556 sending message 105 to peer 0x55b79909fca0 (12 bytes)
1572443553.468571 sending message 105 to peer 0x55b79909fca0 (11 bytes)
1572443553.468584 sending message 105 to peer 0x55b79909fca0 (24 bytes)
1572443553.468598 sending message 105 to peer 0x55b79909fca0 (13 bytes)
1572443553.468611 sending message 105 to peer 0x55b79909fca0 (13 bytes)
1572443553.468624 sending message 105 to peer 0x55b79909fca0 (14 bytes)
1572443553.468637 sending message 105 to peer 0x55b79909fca0 (11 bytes)
1572443553.468651 sending message 105 to peer 0x55b79909fca0 (8 bytes)
1572443553.468664 sending message 105 to peer 0x55b79909fca0 (11 bytes)
1572443553.468677 sending message 105 to peer 0x55b79909fca0 (17 bytes)
1572443553.468691 sending message 105 to peer 0x55b79909fca0 (53 bytes)
1572443553.468704 sending message 105 to peer 0x55b79909fca0 (31 bytes)
1572443553.468717 sending message 105 to peer 0x55b79909fca0 (30 bytes)
1572443553.468731 sending message 105 to peer 0x55b79909fca0 (83 bytes)
1572443553.468745 sending message 105 to peer 0x55b79909fca0 (370 bytes)
1572443553.468791 sending message 105 to peer 0x55b79909fca0 (28 bytes)
1572443553.468809 sending message 105 to peer 0x55b79909fca0 (54 bytes)
1572443553.468823 sending message 105 to peer 0x55b79909fca0 (18 bytes)
1572443553.468837 sending message 105 to peer 0x55b79909fca0 (27 bytes)
1572443553.468851 sending message 105 to peer 0x55b79909fca0 (16 bytes)
1572443553.468865 sending message 106 to peer 0x55b79909fca0 (0 bytes)
1572443553.468880 sending message 200 to peer 0x55b79909fca0 (4 bytes)
1572443553.468894 client loop enter
1572443553.469711 peer 0x55b79909fca0 message 211
1572443553.469762 client_write: sessions should be nested with care, unset $TMUX to force\n
1572443553.469809 peer 0x55b79909fca0 message 203
1572443553.469838 client loop exit
