1572443579.350126 client started (12654): version 2.8, socket /tmp/tmux-1000/default, protocol 8
1572443579.350195 on Linux 4.19.37-parrot1-amd64 #1 SMP Parrot 4.19.37-5parrot1 (2019-06-22); libevent 2.1.8-stable (poll)
1572443579.350261 socket is /tmp/tmux-1000/default
1572443579.350290 trying connect
1572443579.350439 add peer 0x55e1495a9ca0: 6 ((nil))
1572443579.350606 sending message 100 to peer 0x55e1495a9ca0 (4 bytes)
1572443579.350632 sending message 101 to peer 0x55e1495a9ca0 (7 bytes)
1572443579.350648 sending message 102 to peer 0x55e1495a9ca0 (11 bytes)
1572443579.350662 sending message 108 to peer 0x55e1495a9ca0 (29 bytes)
1572443579.350679 sending message 104 to peer 0x55e1495a9ca0 (0 bytes)
1572443579.350696 sending message 107 to peer 0x55e1495a9ca0 (4 bytes)
1572443579.350716 sending message 105 to peer 0x55e1495a9ca0 (16 bytes)
1572443579.350731 sending message 105 to peer 0x55e1495a9ca0 (82 bytes)
1572443579.350746 sending message 105 to peer 0x55e1495a9ca0 (18 bytes)
1572443579.350760 sending message 105 to peer 0x55e1495a9ca0 (19 bytes)
1572443579.350775 sending message 105 to peer 0x55e1495a9ca0 (20 bytes)
1572443579.350789 sending message 105 to peer 0x55e1495a9ca0 (58 bytes)
1572443579.350803 sending message 105 to peer 0x55e1495a9ca0 (45 bytes)
1572443579.350817 sending message 105 to peer 0x55e1495a9ca0 (7 bytes)
1572443579.350831 sending message 105 to peer 0x55e1495a9ca0 (36 bytes)
1572443579.350844 sending message 105 to peer 0x55e1495a9ca0 (18 bytes)
1572443579.350858 sending message 105 to peer 0x55e1495a9ca0 (41 bytes)
1572443579.350872 sending message 105 to peer 0x55e1495a9ca0 (33 bytes)
1572443579.350885 sending message 105 to peer 0x55e1495a9ca0 (19 bytes)
1572443579.350899 sending message 105 to peer 0x55e1495a9ca0 (28 bytes)
1572443579.350913 sending message 105 to peer 0x55e1495a9ca0 (15 bytes)
1572443579.350927 sending message 105 to peer 0x55e1495a9ca0 (43 bytes)
1572443579.350940 sending message 105 to peer 0x55e1495a9ca0 (33 bytes)
1572443579.350954 sending message 105 to peer 0x55e1495a9ca0 (37 bytes)
1572443579.350968 sending message 105 to peer 0x55e1495a9ca0 (16 bytes)
1572443579.350981 sending message 105 to peer 0x55e1495a9ca0 (21 bytes)
1572443579.350995 sending message 105 to peer 0x55e1495a9ca0 (52 bytes)
1572443579.351009 sending message 105 to peer 0x55e1495a9ca0 (37 bytes)
1572443579.351022 sending message 105 to peer 0x55e1495a9ca0 (51 bytes)
1572443579.351036 sending message 105 to peer 0x55e1495a9ca0 (20 bytes)
1572443579.351050 sending message 105 to peer 0x55e1495a9ca0 (19 bytes)
1572443579.351064 sending message 105 to peer 0x55e1495a9ca0 (11 bytes)
1572443579.351078 sending message 105 to peer 0x55e1495a9ca0 (1506 bytes)
1572443579.351116 sending message 105 to peer 0x55e1495a9ca0 (25 bytes)
1572443579.351135 sending message 105 to peer 0x55e1495a9ca0 (17 bytes)
1572443579.351150 sending message 105 to peer 0x55e1495a9ca0 (52 bytes)
1572443579.351164 sending message 105 to peer 0x55e1495a9ca0 (23 bytes)
1572443579.351180 sending message 105 to peer 0x55e1495a9ca0 (12 bytes)
1572443579.351194 sending message 105 to peer 0x55e1495a9ca0 (11 bytes)
1572443579.351210 sending message 105 to peer 0x55e1495a9ca0 (24 bytes)
1572443579.351223 sending message 105 to peer 0x55e1495a9ca0 (13 bytes)
1572443579.351238 sending message 105 to peer 0x55e1495a9ca0 (13 bytes)
1572443579.351252 sending message 105 to peer 0x55e1495a9ca0 (14 bytes)
1572443579.351265 sending message 105 to peer 0x55e1495a9ca0 (11 bytes)
1572443579.351280 sending message 105 to peer 0x55e1495a9ca0 (8 bytes)
1572443579.351294 sending message 105 to peer 0x55e1495a9ca0 (11 bytes)
1572443579.351309 sending message 105 to peer 0x55e1495a9ca0 (17 bytes)
1572443579.351323 sending message 105 to peer 0x55e1495a9ca0 (53 bytes)
1572443579.351337 sending message 105 to peer 0x55e1495a9ca0 (31 bytes)
1572443579.351351 sending message 105 to peer 0x55e1495a9ca0 (30 bytes)
1572443579.351365 sending message 105 to peer 0x55e1495a9ca0 (83 bytes)
1572443579.351380 sending message 105 to peer 0x55e1495a9ca0 (370 bytes)
1572443579.351458 sending message 105 to peer 0x55e1495a9ca0 (28 bytes)
1572443579.351479 sending message 105 to peer 0x55e1495a9ca0 (54 bytes)
1572443579.351494 sending message 105 to peer 0x55e1495a9ca0 (18 bytes)
1572443579.351509 sending message 105 to peer 0x55e1495a9ca0 (27 bytes)
1572443579.351522 sending message 105 to peer 0x55e1495a9ca0 (16 bytes)
1572443579.351537 sending message 106 to peer 0x55e1495a9ca0 (0 bytes)
1572443579.351552 sending message 200 to peer 0x55e1495a9ca0 (4 bytes)
1572443579.351566 client loop enter
1572443579.352349 peer 0x55e1495a9ca0 message 211
1572443579.352390 client_write: sessions should be nested with care, unset $TMUX to force\n
1572443579.352420 peer 0x55e1495a9ca0 message 203
1572443579.352436 client loop exit
